SF:lib\common\exception.dart
DA:6,2
DA:12,2
LF:2
LH:2
end_of_record
SF:lib\data\datasources\article_remote_data_source.dart
DA:20,1
DA:23,1
DA:25,5
DA:27,2
DA:28,4
DA:30,1
DA:35,1
DA:37,5
DA:39,2
DA:40,4
DA:42,1
DA:47,1
DA:48,2
DA:49,3
DA:51,2
DA:52,4
DA:54,1
DA:59,1
DA:60,3
DA:61,2
DA:63,2
DA:64,3
DA:66,1
LF:23
LH:23
end_of_record
SF:lib\data\models\article_response.dart
DA:9,3
DA:14,4
DA:15,2
DA:16,4
DA:17,6
DA:18,4
DA:19,2
DA:20,2
DA:23,2
DA:24,1
DA:25,5
DA:28,1
DA:29,1
DA:30,1
DA:31,5
DA:35,2
DA:36,2
DA:37,2
DA:38,2
LF:19
LH:19
end_of_record
SF:lib\common\failure.dart
DA:6,6
DA:8,1
DA:9,2
DA:13,10
DA:17,2
DA:21,4
DA:25,2
DA:29,2
LF:8
LH:8
end_of_record
SF:lib\common\network_info.dart
DA:10,0
DA:12,0
DA:13,0
LF:3
LH:0
end_of_record
SF:lib\data\datasources\article_local_data_source.dart
DA:19,1
DA:22,1
DA:24,3
DA:27,2
DA:32,1
DA:34,3
DA:37,2
DA:42,0
DA:43,0
DA:45,0
DA:52,1
DA:53,3
DA:54,4
DA:58,1
DA:59,3
DA:60,3
DA:64,1
DA:65,3
DA:66,2
DA:67,4
DA:69,1
DA:74,1
DA:75,3
DA:76,3
DA:80,1
DA:81,3
DA:82,2
DA:83,4
DA:85,1
LF:29
LH:26
end_of_record
SF:lib\data\datasources\db\database_helper.dart
DA:8,0
DA:12,0
DA:16,0
DA:18,0
DA:26,0
DA:27,0
DA:28,0
DA:30,0
DA:33,0
DA:34,0
DA:39,0
DA:40,0
DA:50,0
DA:51,0
DA:63,0
DA:66,0
DA:69,0
DA:70,0
DA:71,0
DA:72,0
DA:73,0
DA:74,0
DA:79,0
DA:80,0
DA:81,0
DA:84,0
DA:90,0
DA:91,0
DA:92,0
DA:95,0
DA:99,0
DA:100,0
DA:101,0
DA:104,0
DA:105,0
DA:106,0
DA:109,0
DA:113,0
DA:114,0
DA:115,0
DA:118,0
DA:121,0
DA:122,0
DA:128,0
DA:129,0
DA:131,0
LF:46
LH:0
end_of_record
SF:lib\data\models\article_model.dart
DA:5,4
DA:23,4
DA:24,2
DA:25,2
DA:26,2
DA:27,2
DA:28,2
DA:29,4
DA:30,2
DA:33,2
DA:34,1
DA:35,1
DA:36,1
DA:37,1
DA:38,1
DA:39,2
DA:40,1
DA:43,2
DA:44,2
DA:45,2
DA:46,2
DA:47,2
DA:48,2
DA:49,2
DA:50,2
DA:51,2
DA:55,2
DA:56,2
DA:57,2
DA:58,2
DA:59,2
DA:60,2
DA:61,2
DA:62,2
DA:63,2
LF:35
LH:35
end_of_record
SF:lib\data\models\article_table.dart
DA:14,3
DA:24,2
DA:25,1
DA:26,1
DA:27,1
DA:28,1
DA:29,1
DA:30,1
DA:31,1
DA:34,2
DA:35,1
DA:36,1
DA:37,1
DA:38,1
DA:39,1
DA:40,2
DA:41,1
DA:44,2
DA:45,1
DA:46,1
DA:47,1
DA:48,1
DA:49,1
DA:50,1
DA:51,1
DA:54,2
DA:55,1
DA:56,1
DA:57,1
DA:58,1
DA:59,1
DA:60,2
DA:61,1
DA:64,2
DA:65,1
DA:66,1
DA:67,1
DA:68,1
DA:69,1
DA:70,1
DA:71,1
DA:74,2
DA:75,2
DA:76,2
DA:77,2
DA:78,2
DA:79,2
DA:80,2
DA:81,2
DA:82,2
LF:50
LH:50
end_of_record
SF:lib\domain\entities\article.dart
DA:5,12
DA:23,1
DA:33,6
DA:34,6
DA:35,6
DA:36,6
DA:37,6
DA:38,6
DA:39,6
DA:40,6
DA:41,6
LF:11
LH:11
end_of_record
SF:lib\domain\entities\articles.dart
DA:6,3
DA:14,1
DA:15,1
DA:16,1
DA:17,1
LF:5
LH:5
end_of_record
SF:lib\common\encrypt.dart
DA:3,0
DA:4,0
DA:5,0
DA:7,0
DA:9,0
DA:11,0
LF:6
LH:0
end_of_record
SF:lib\data\repositories\article_repository_impl.dart
DA:19,1
DA:26,1
DA:27,3
DA:29,3
DA:30,2
DA:31,4
DA:32,5
DA:33,1
DA:34,2
DA:35,1
DA:36,4
DA:40,3
DA:41,5
DA:42,1
DA:43,3
DA:49,1
DA:50,3
DA:52,3
DA:53,2
DA:54,4
DA:55,5
DA:56,1
DA:57,2
DA:58,1
DA:59,4
DA:63,3
DA:64,5
DA:65,1
DA:66,3
DA:72,1
DA:74,3
DA:75,3
DA:76,1
DA:77,2
DA:78,1
DA:79,2
DA:80,1
DA:81,4
DA:86,1
DA:88,3
DA:89,2
DA:90,1
DA:91,2
DA:92,1
DA:93,2
DA:94,1
DA:95,4
DA:100,1
DA:103,4
DA:104,1
DA:105,1
DA:106,3
DA:113,1
DA:116,4
DA:117,1
DA:118,1
DA:119,3
DA:124,1
DA:125,3
DA:130,1
DA:131,3
DA:132,5
LF:62
LH:62
end_of_record
SF:lib\domain\usecases\get_article_category.dart
DA:9,1
DA:11,1
DA:12,2
LF:3
LH:3
end_of_record
SF:lib\domain\usecases\get_bookmark_articles.dart
DA:9,1
DA:11,1
DA:12,2
LF:3
LH:3
end_of_record
SF:lib\domain\usecases\get_bookmark_status.dart
DA:6,1
DA:8,1
DA:9,2
LF:3
LH:3
end_of_record
SF:lib\domain\usecases\get_headline_business_articles.dart
DA:9,1
DA:11,1
DA:12,2
LF:3
LH:3
end_of_record
SF:lib\domain\usecases\get_top_headline_articles.dart
DA:9,1
DA:11,1
DA:12,2
LF:3
LH:3
end_of_record
SF:lib\domain\usecases\remove_bookmark_article.dart
DA:9,1
DA:11,1
DA:12,2
LF:3
LH:3
end_of_record
SF:lib\domain\usecases\save_bookmark_article.dart
DA:9,1
DA:11,1
DA:12,2
LF:3
LH:3
end_of_record
SF:lib\domain\usecases\search_articles.dart
DA:9,1
DA:11,1
DA:12,2
LF:3
LH:3
end_of_record
SF:lib\presentation\bloc\article_detail_bloc\article_detail_bloc.dart
DA:19,1
DA:23,2
DA:24,2
DA:25,4
DA:27,2
DA:28,1
DA:29,4
DA:31,1
DA:32,3
DA:36,4
DA:39,2
DA:40,4
DA:42,2
DA:43,1
DA:44,4
DA:46,1
DA:47,3
DA:51,4
DA:54,2
DA:55,4
DA:56,3
LF:21
LH:21
end_of_record
SF:lib\presentation\bloc\article_detail_bloc\article_detail_event.dart
DA:4,1
DA:6,0
DA:7,0
DA:13,1
DA:15,0
DA:16,0
DA:22,1
DA:24,0
DA:25,0
DA:31,1
DA:33,0
DA:34,0
LF:12
LH:4
end_of_record
SF:lib\presentation\bloc\article_detail_bloc\article_detail_state.dart
DA:7,1
DA:12,1
DA:16,1
DA:17,1
DA:18,1
DA:22,1
DA:23,1
DA:29,1
DA:30,1
DA:31,1
DA:32,1
LF:11
LH:11
end_of_record
SF:lib\presentation\bloc\article_category_bloc\article_category_state.dart
DA:4,1
DA:6,1
DA:7,1
DA:13,1
DA:15,1
DA:16,2
DA:24,1
DA:26,1
DA:27,2
DA:33,1
DA:35,1
DA:36,2
LF:12
LH:12
end_of_record
SF:lib\presentation\bloc\article_category_bloc\article_category_bloc.dart
DA:11,3
DA:12,2
DA:13,1
DA:14,2
DA:15,3
DA:16,1
DA:17,4
DA:18,1
DA:19,2
DA:20,1
DA:21,2
LF:11
LH:11
end_of_record
SF:lib\presentation\bloc\article_category_bloc\article_category_event.dart
DA:4,1
DA:6,0
DA:7,0
DA:13,1
DA:15,0
DA:16,0
LF:6
LH:2
end_of_record
SF:lib\presentation\bloc\article_list_bloc\article_list_state.dart
DA:4,1
DA:6,1
DA:7,1
DA:17,1
DA:19,1
DA:20,2
DA:26,1
DA:28,1
DA:29,2
LF:9
LH:9
end_of_record
SF:lib\presentation\bloc\article_list_bloc\article_headline_business_list_bloc.dart
DA:5,3
DA:6,2
DA:7,2
DA:8,3
DA:9,1
DA:10,4
DA:11,1
DA:12,2
DA:13,1
DA:14,2
LF:10
LH:10
end_of_record
SF:lib\presentation\bloc\article_list_bloc\article_top_headline_list_bloc.dart
DA:5,3
DA:6,2
DA:7,2
DA:8,3
DA:9,1
DA:10,4
DA:11,1
DA:12,2
DA:13,1
DA:14,2
LF:10
LH:10
end_of_record
SF:lib\presentation\bloc\bookmark_article_bloc\bookmark_article_state.dart
DA:4,1
DA:6,1
DA:7,1
DA:13,1
DA:15,1
DA:16,2
DA:24,1
DA:26,1
DA:27,2
DA:33,1
DA:35,1
DA:36,2
LF:12
LH:12
end_of_record
SF:lib\presentation\bloc\bookmark_article_bloc\bookmark_article_bloc.dart
DA:11,3
DA:12,2
DA:13,2
DA:14,3
DA:15,1
DA:16,4
DA:17,1
DA:18,2
DA:19,1
DA:20,2
LF:10
LH:10
end_of_record
SF:lib\presentation\bloc\search_article_bloc\search_article_event.dart
DA:4,1
DA:6,0
DA:7,0
DA:13,1
DA:15,0
DA:16,0
DA:23,0
DA:28,0
DA:29,0
LF:9
LH:2
end_of_record
SF:lib\presentation\bloc\search_article_bloc\search_article_state.dart
DA:4,1
DA:6,1
DA:7,1
DA:15,1
DA:17,1
DA:18,2
DA:28,1
DA:34,1
DA:35,4
DA:41,1
DA:43,1
DA:44,2
LF:12
LH:12
end_of_record
SF:lib\presentation\bloc\search_article_bloc\search_article_bloc.dart
DA:15,3
DA:16,2
DA:17,1
DA:18,2
DA:19,3
DA:20,1
DA:21,4
DA:22,1
DA:23,2
DA:24,4
DA:25,2
DA:26,2
DA:30,1
DA:31,1
DA:32,0
DA:33,0
DA:34,0
DA:35,0
DA:36,0
DA:37,0
DA:38,0
DA:39,0
DA:40,0
DA:41,0
DA:45,1
DA:49,1
DA:50,3
LF:27
LH:17
end_of_record
SF:lib\presentation\widgets\category_card.dart
DA:7,1
DA:9,1
DA:11,1
DA:12,1
DA:13,1
DA:15,1
DA:18,1
DA:19,1
DA:20,1
DA:21,1
DA:22,1
DA:23,1
DA:25,1
DA:26,1
DA:27,1
DA:29,1
DA:30,1
DA:31,1
DA:32,1
DA:33,1
DA:34,2
DA:37,1
DA:39,1
DA:42,1
DA:43,1
DA:44,1
DA:45,2
LF:27
LH:27
end_of_record
SF:lib\presentation\widgets\custom_scaffold.dart
DA:6,0
DA:8,0
DA:10,0
DA:11,0
DA:12,0
DA:13,0
DA:14,0
DA:16,0
DA:18,0
DA:25,0
DA:26,0
DA:27,0
DA:31,0
DA:33,0
DA:34,0
DA:37,0
DA:38,0
DA:40,0
DA:42,0
DA:44,0
DA:48,0
DA:51,0
DA:52,0
LF:23
LH:0
end_of_record
SF:lib\presentation\widgets\platform_widget.dart
DA:7,0
DA:9,0
DA:11,0
DA:12,0
DA:13,0
DA:14,0
DA:15,0
DA:17,0
LF:8
LH:0
end_of_record
SF:lib\presentation\widgets\custom_button.dart
DA:9,0
DA:15,0
DA:17,0
DA:19,0
DA:20,0
DA:22,0
DA:23,0
DA:24,0
DA:25,0
DA:26,0
DA:27,0
DA:28,0
DA:31,0
DA:32,0
DA:33,0
DA:35,0
LF:16
LH:0
end_of_record
SF:lib\presentation\widgets\article_list.dart
DA:6,1
DA:8,1
DA:10,1
DA:11,0
DA:12,0
DA:14,0
DA:15,0
DA:19,1
DA:20,1
DA:25,2
DA:26,1
DA:29,1
DA:30,2
DA:31,0
DA:34,0
DA:35,0
DA:36,0
DA:40,0
DA:45,1
DA:48,1
DA:49,1
DA:52,1
DA:53,1
DA:54,2
DA:55,2
DA:59,1
DA:62,3
DA:63,2
LF:28
LH:19
end_of_record
SF:lib\presentation\widgets\top_headline_article_card.dart
DA:6,1
DA:8,1
DA:10,1
DA:11,0
DA:12,0
DA:14,0
DA:15,0
DA:19,1
DA:22,1
DA:24,1
DA:25,1
DA:26,1
DA:28,1
DA:29,1
DA:30,1
DA:32,1
DA:33,2
DA:34,0
DA:36,0
DA:37,0
DA:38,0
DA:39,0
DA:43,0
DA:48,1
DA:49,1
DA:51,1
DA:52,2
DA:53,2
LF:28
LH:18
end_of_record
SF:lib\presentation\widgets\custom_header.dart
DA:6,0
DA:8,0
DA:10,0
DA:11,0
DA:12,0
DA:13,0
DA:19,0
DA:20,0
DA:21,0
DA:22,0
DA:24,0
DA:25,0
DA:26,0
DA:27,0
DA:28,0
DA:29,0
DA:30,0
DA:33,0
DA:35,0
DA:37,0
DA:42,0
DA:43,0
DA:44,0
LF:23
LH:0
end_of_record
SF:lib\presentation\widgets\loading_indicator.dart
DA:3,0
LF:1
LH:0
end_of_record
SF:lib\common\theme.dart
DA:7,0
DA:8,9
DA:9,3
DA:10,3
DA:11,0
DA:12,0
DA:13,0
DA:14,0
DA:15,0
DA:16,0
DA:17,0
DA:18,0
DA:20,9
DA:21,3
DA:23,0
DA:26,3
DA:27,1
DA:29,0
DA:32,0
DA:35,0
DA:39,0
DA:47,0
DA:48,0
DA:49,0
DA:50,0
DA:51,0
DA:52,0
DA:53,0
DA:55,0
LF:29
LH:7
end_of_record
SF:lib\presentation\pages\article_webview_page.dart
DA:8,0
DA:10,0
DA:12,0
DA:13,0
DA:14,0
LF:5
LH:0
end_of_record
SF:lib\presentation\pages\detail_page.dart
DA:16,0
DA:18,0
DA:19,0
DA:23,0
DA:25,0
DA:26,0
DA:27,0
DA:28,0
DA:32,0
DA:34,0
DA:36,0
DA:37,0
DA:38,0
DA:40,0
DA:42,0
DA:43,0
DA:44,0
DA:45,0
DA:46,0
DA:49,0
DA:51,0
DA:52,0
DA:53,0
DA:59,0
DA:60,0
DA:61,0
DA:62,0
DA:63,0
DA:64,0
DA:65,0
DA:66,0
DA:67,0
DA:68,0
DA:69,0
DA:70,0
DA:71,0
DA:72,0
DA:73,0
DA:75,0
DA:79,0
DA:80,0
DA:84,0
DA:85,0
DA:86,0
DA:87,0
DA:88,0
DA:92,0
DA:98,0
DA:102,0
DA:104,0
DA:105,0
DA:106,0
DA:107,0
DA:109,0
DA:112,0
DA:115,0
DA:116,0
DA:117,0
DA:120,0
DA:121,0
DA:123,0
DA:129,0
DA:130,0
DA:131,0
DA:132,0
DA:133,0
DA:134,0
DA:137,0
DA:138,0
DA:139,0
DA:142,0
DA:145,0
DA:148,0
DA:149,0
DA:150,0
DA:153,0
DA:154,0
DA:155,0
DA:158,0
DA:164,0
DA:167,0
DA:168,0
DA:169,0
DA:170,0
DA:173,0
DA:174,0
DA:175,0
DA:178,0
DA:179,0
DA:181,0
DA:192,0
DA:196,0
DA:197,0
DA:202,0
DA:204,0
DA:205,0
DA:206,0
DA:207,0
DA:208,0
DA:210,0
DA:213,0
DA:214,0
DA:215,0
DA:216,0
DA:218,0
DA:221,0
DA:222,0
DA:223,0
DA:232,0
DA:233,0
DA:234,0
DA:236,0
DA:238,0
DA:239,0
DA:244,0
DA:248,0
DA:249,0
DA:250,0
DA:251,0
DA:254,0
DA:255,0
DA:256,0
DA:258,0
DA:261,0
DA:262,0
DA:263,0
DA:265,0
DA:266,0
DA:268,0
DA:270,0
DA:271,0
DA:272,0
LF:132
LH:0
end_of_record
